# JRE version: Java(TM) SE Runtime Environment (21.0.6+8) (build 21.0.6+8-LTS-188)
# Java VM: Java HotSpot(TM) 64-Bit Server VM (21.0.6+8-LTS-188, mixed mode, sharing, tiered, compressed oops, compressed class ptrs, g1 gc, windows-amd64)
GC Precious Log:
 CardTable entry size: 512
 Card Set container configuration: InlinePtr #cards 4 size 8 Array Of Cards #cards 16 size 48 Howl #buckets 8 coarsen threshold 3686 Howl Bitmap #cards 512 size 80 coarsen threshold 460 Card regions per heap region 1 cards per card region 4096
 CPUs: 8 total, 8 available
 Memory: 16126M
 Large Page Support: Disabled
 NUMA Support: Disabled
 Compressed Oops: Enabled (Zero based)
 Heap Region Size: 2M
 Heap Min Capacity: 8M
 Heap Initial Capacity: 252M
 Heap Max Capacity: 4032M
 Pre-touch: Disabled
 Parallel Workers: 8
 Concurrent Workers: 2
 Concurrent Refinement Workers: 8
 Periodic GC: Disabled
Heap:
 garbage-first heap   total 258048K, used 20887K [0x0000000704000000, 0x0000000800000000)
  region size 2048K, 9 young (18432K), 1 survivors (2048K)
 Metaspace       used 14567K, committed 14720K, reserved 1114112K
  class space    used 1724K, committed 1792K, reserved 1048576K
GC Heap History (6 events):
Event: 31.460 GC heap before
{Heap before GC invocations=0 (full 0):
 garbage-first heap   total 258048K, used 22528K [0x0000000704000000, 0x0000000800000000)
  region size 2048K, 11 young (22528K), 0 survivors (0K)
 Metaspace       used 6048K, committed 6208K, reserved 1114112K
  class space    used 687K, committed 768K, reserved 1048576K
}
Event: 32.509 GC heap after
{Heap after GC invocations=1 (full 0):
 garbage-first heap   total 258048K, used 3809K [0x0000000704000000, 0x0000000800000000)
  region size 2048K, 2 young (4096K), 2 survivors (4096K)
 Metaspace       used 6048K, committed 6208K, reserved 1114112K
  class space    used 687K, committed 768K, reserved 1048576K
}
Event: 55.049 GC heap before
{Heap before GC invocations=1 (full 0):
 garbage-first heap   total 258048K, used 32481K [0x0000000704000000, 0x0000000800000000)
  region size 2048K, 16 young (32768K), 2 survivors (4096K)
 Metaspace       used 9276K, committed 9408K, reserved 1114112K
  class space    used 1078K, committed 1152K, reserved 1048576K
}
Event: 55.702 GC heap after
{Heap after GC invocations=2 (full 0):
 garbage-first heap   total 258048K, used 5302K [0x0000000704000000, 0x0000000800000000)
  region size 2048K, 1 young (2048K), 1 survivors (2048K)
 Metaspace       used 9276K, committed 9408K, reserved 1114112K
  class space    used 1078K, committed 1152K, reserved 1048576K
}
Event: 83.249 GC heap before
{Heap before GC invocations=2 (full 0):
 garbage-first heap   total 258048K, used 19638K [0x0000000704000000, 0x0000000800000000)
  region size 2048K, 8 young (16384K), 1 survivors (2048K)
 Metaspace       used 11917K, committed 12160K, reserved 1114112K
  class space    used 1392K, committed 1536K, reserved 1048576K
}
Event: 83.253 GC heap after
{Heap after GC invocations=3 (full 0):
 garbage-first heap   total 258048K, used 6551K [0x0000000704000000, 0x0000000800000000)
  region size 2048K, 1 young (2048K), 1 survivors (2048K)
 Metaspace       used 11917K, committed 12160K, reserved 1114112K
  class space    used 1392K, committed 1536K, reserved 1048576K
}

